[      91ms] [ERROR] X-Frame-Options may only be set via an HTTP header sent along with a document. It may not be set inside <meta>. @ http://localhost:3000/admin/patterns:161
[     124ms] [ERROR] Failed to load module script: Expected a JavaScript-or-Wasm module script but the server responded with a MIME type of "application/json". Strict MIME type checking is enforced for module scripts per HTML spec. @ http://localhost:3000/assets/controllers/queue_monitor_controller-d6e31487.js:0
[     125ms] [ERROR] Failed to load resource: net::ERR_FAILED @ http://localhost:3000/assets/controllers/sync_sessions_controller-8bdd2b18.js:0
[     277ms] [ERROR] Failed to register controller: queue-monitor (controllers/queue_monitor_controller) TypeError: Failed to fetch dynamically imported module: http://localhost:3000/assets/controllers/queue_monitor_controller-d6e31487.js @ http://localhost:3000/assets/stimulus-loading-1fc53fe7.js:25
[     277ms] [ERROR] Failed to register controller: sync-sessions (controllers/sync_sessions_controller) TypeError: Failed to fetch dynamically imported module: http://localhost:3000/assets/controllers/sync_sessions_controller-8bdd2b18.js @ http://localhost:3000/assets/stimulus-loading-1fc53fe7.js:25
[    3480ms] [WARNING] The resource http://localhost:3000/assets/components/accessibility-e1163401.css was preloaded using link preload but not used within a few seconds from the window's load event. Please make sure it has an appropriate `as` value and it is preloaded intentionally. @ http://localhost:3000/admin/patterns:0
[    3480ms] [WARNING] The resource http://localhost:3000/assets/components/undo_notification-ab12206b.css was preloaded using link preload but not used within a few seconds from the window's load event. Please make sure it has an appropriate `as` value and it is preloaded intentionally. @ http://localhost:3000/admin/patterns:0
[    3480ms] [WARNING] The resource http://localhost:3000/assets/components/view_toggle-5826adec.css was preloaded using link preload but not used within a few seconds from the window's load event. Please make sure it has an appropriate `as` value and it is preloaded intentionally. @ http://localhost:3000/admin/patterns:0
[    3480ms] [WARNING] The resource http://localhost:3000/assets/tailwind-9fc2997c.css was preloaded using link preload but not used within a few seconds from the window's load event. Please make sure it has an appropriate `as` value and it is preloaded intentionally. @ http://localhost:3000/admin/patterns:0
[    3480ms] [WARNING] The resource http://localhost:3000/assets/components/dashboard_virtual_scroll-d1f9571d.css was preloaded using link preload but not used within a few seconds from the window's load event. Please make sure it has an appropriate `as` value and it is preloaded intentionally. @ http://localhost:3000/admin/patterns:0
[    3480ms] [WARNING] The resource http://localhost:3000/assets/components/mobile_touch_targets-9794614e.css was preloaded using link preload but not used within a few seconds from the window's load event. Please make sure it has an appropriate `as` value and it is preloaded intentionally. @ http://localhost:3000/admin/patterns:0
[    3480ms] [WARNING] The resource http://localhost:3000/assets/components/batch_selection-6334db9a.css was preloaded using link preload but not used within a few seconds from the window's load event. Please make sure it has an appropriate `as` value and it is preloaded intentionally. @ http://localhost:3000/admin/patterns:0
[    3480ms] [WARNING] The resource http://localhost:3000/assets/application-a9312f36.css was preloaded using link preload but not used within a few seconds from the window's load event. Please make sure it has an appropriate `as` value and it is preloaded intentionally. @ http://localhost:3000/admin/patterns:0
[    3480ms] [WARNING] The resource http://localhost:3000/assets/components/inline_actions_simple-cd6fae65.css was preloaded using link preload but not used within a few seconds from the window's load event. Please make sure it has an appropriate `as` value and it is preloaded intentionally. @ http://localhost:3000/admin/patterns:0
[    3480ms] [WARNING] The resource http://localhost:3000/assets/components/inline_actions-484cf84c.css was preloaded using link preload but not used within a few seconds from the window's load event. Please make sure it has an appropriate `as` value and it is preloaded intentionally. @ http://localhost:3000/admin/patterns:0
[    3480ms] [WARNING] The resource http://localhost:3000/assets/components/dashboard_expenses-bdcb52e2.css was preloaded using link preload but not used within a few seconds from the window's load event. Please make sure it has an appropriate `as` value and it is preloaded intentionally. @ http://localhost:3000/admin/patterns:0
[    3480ms] [WARNING] The resource http://localhost:3000/assets/components/mobile_cards-3d351378.css was preloaded using link preload but not used within a few seconds from the window's load event. Please make sure it has an appropriate `as` value and it is preloaded intentionally. @ http://localhost:3000/admin/patterns:0
[    6499ms] [ERROR] X-Frame-Options may only be set via an HTTP header sent along with a document. It may not be set inside <meta>. @ http://localhost:3000/admin/patterns:161
[    6514ms] [ERROR] Failed to load module script: Expected a JavaScript-or-Wasm module script but the server responded with a MIME type of "application/json". Strict MIME type checking is enforced for module scripts per HTML spec. @ http://localhost:3000/assets/controllers/queue_monitor_controller-d6e31487.js:0
[    6515ms] [ERROR] Failed to load resource: net::ERR_FAILED @ http://localhost:3000/assets/controllers/sync_sessions_controller-8bdd2b18.js:0
[    6720ms] [ERROR] Failed to register controller: queue-monitor (controllers/queue_monitor_controller) TypeError: Failed to fetch dynamically imported module: http://localhost:3000/assets/controllers/queue_monitor_controller-d6e31487.js @ http://localhost:3000/assets/stimulus-loading-1fc53fe7.js:25
[    6720ms] [ERROR] Failed to register controller: sync-sessions (controllers/sync_sessions_controller) TypeError: Failed to fetch dynamically imported module: http://localhost:3000/assets/controllers/sync_sessions_controller-8bdd2b18.js @ http://localhost:3000/assets/stimulus-loading-1fc53fe7.js:25
[    9927ms] [WARNING] The resource http://localhost:3000/assets/components/accessibility-e1163401.css was preloaded using link preload but not used within a few seconds from the window's load event. Please make sure it has an appropriate `as` value and it is preloaded intentionally. @ http://localhost:3000/admin/patterns:0
[    9927ms] [WARNING] The resource http://localhost:3000/assets/components/undo_notification-ab12206b.css was preloaded using link preload but not used within a few seconds from the window's load event. Please make sure it has an appropriate `as` value and it is preloaded intentionally. @ http://localhost:3000/admin/patterns:0
[    9927ms] [WARNING] The resource http://localhost:3000/assets/components/view_toggle-5826adec.css was preloaded using link preload but not used within a few seconds from the window's load event. Please make sure it has an appropriate `as` value and it is preloaded intentionally. @ http://localhost:3000/admin/patterns:0
[    9927ms] [WARNING] The resource http://localhost:3000/assets/tailwind-9fc2997c.css was preloaded using link preload but not used within a few seconds from the window's load event. Please make sure it has an appropriate `as` value and it is preloaded intentionally. @ http://localhost:3000/admin/patterns:0
[    9927ms] [WARNING] The resource http://localhost:3000/assets/components/dashboard_virtual_scroll-d1f9571d.css was preloaded using link preload but not used within a few seconds from the window's load event. Please make sure it has an appropriate `as` value and it is preloaded intentionally. @ http://localhost:3000/admin/patterns:0
[    9927ms] [WARNING] The resource http://localhost:3000/assets/components/mobile_touch_targets-9794614e.css was preloaded using link preload but not used within a few seconds from the window's load event. Please make sure it has an appropriate `as` value and it is preloaded intentionally. @ http://localhost:3000/admin/patterns:0
[    9927ms] [WARNING] The resource http://localhost:3000/assets/components/batch_selection-6334db9a.css was preloaded using link preload but not used within a few seconds from the window's load event. Please make sure it has an appropriate `as` value and it is preloaded intentionally. @ http://localhost:3000/admin/patterns:0
[    9927ms] [WARNING] The resource http://localhost:3000/assets/application-a9312f36.css was preloaded using link preload but not used within a few seconds from the window's load event. Please make sure it has an appropriate `as` value and it is preloaded intentionally. @ http://localhost:3000/admin/patterns:0
[    9927ms] [WARNING] The resource http://localhost:3000/assets/components/inline_actions_simple-cd6fae65.css was preloaded using link preload but not used within a few seconds from the window's load event. Please make sure it has an appropriate `as` value and it is preloaded intentionally. @ http://localhost:3000/admin/patterns:0
[    9927ms] [WARNING] The resource http://localhost:3000/assets/components/inline_actions-484cf84c.css was preloaded using link preload but not used within a few seconds from the window's load event. Please make sure it has an appropriate `as` value and it is preloaded intentionally. @ http://localhost:3000/admin/patterns:0
[    9927ms] [WARNING] The resource http://localhost:3000/assets/components/dashboard_expenses-bdcb52e2.css was preloaded using link preload but not used within a few seconds from the window's load event. Please make sure it has an appropriate `as` value and it is preloaded intentionally. @ http://localhost:3000/admin/patterns:0
[    9927ms] [WARNING] The resource http://localhost:3000/assets/components/mobile_cards-3d351378.css was preloaded using link preload but not used within a few seconds from the window's load event. Please make sure it has an appropriate `as` value and it is preloaded intentionally. @ http://localhost:3000/admin/patterns:0
[   11853ms] [ERROR] Failed to load module script: Expected a JavaScript-or-Wasm module script but the server responded with a MIME type of "application/json". Strict MIME type checking is enforced for module scripts per HTML spec. @ http://localhost:3000/assets/controllers/queue_monitor_controller-d6e31487.js:0
[   11854ms] [ERROR] Failed to load resource: net::ERR_FAILED @ http://localhost:3000/assets/controllers/sync_sessions_controller-8bdd2b18.js:0
[   12036ms] [ERROR] Failed to register controller: queue-monitor (controllers/queue_monitor_controller) TypeError: Failed to fetch dynamically imported module: http://localhost:3000/assets/controllers/queue_monitor_controller-d6e31487.js @ http://localhost:3000/assets/stimulus-loading-1fc53fe7.js:25
[   12036ms] [ERROR] Failed to register controller: sync-sessions (controllers/sync_sessions_controller) TypeError: Failed to fetch dynamically imported module: http://localhost:3000/assets/controllers/sync_sessions_controller-8bdd2b18.js @ http://localhost:3000/assets/stimulus-loading-1fc53fe7.js:25
[   12067ms] [WARNING] WebSocket connection to 'wss://echo.websocket.org/' failed: WebSocket is closed before the connection is established. @ http://localhost:3000/assets/controllers/sync_widget_controller-48b948c7.js:1137
[   12068ms] [WARNING] WebSocket connection to 'wss://echo.websocket.org/' failed: WebSocket is closed before the connection is established. @ http://localhost:3000/assets/controllers/sync_widget_controller-48b948c7.js:1137
[   15133ms] [ERROR] Failed to load module script: Expected a JavaScript-or-Wasm module script but the server responded with a MIME type of "application/json". Strict MIME type checking is enforced for module scripts per HTML spec. @ http://localhost:3000/assets/controllers/queue_monitor_controller-d6e31487.js:0
[   15133ms] [ERROR] Failed to load resource: net::ERR_FAILED @ http://localhost:3000/assets/controllers/sync_sessions_controller-8bdd2b18.js:0
[   15639ms] [ERROR] Failed to register controller: queue-monitor (controllers/queue_monitor_controller) TypeError: Failed to fetch dynamically imported module: http://localhost:3000/assets/controllers/queue_monitor_controller-d6e31487.js @ http://localhost:3000/assets/stimulus-loading-1fc53fe7.js:25
[   15639ms] [ERROR] Failed to register controller: sync-sessions (controllers/sync_sessions_controller) TypeError: Failed to fetch dynamically imported module: http://localhost:3000/assets/controllers/sync_sessions_controller-8bdd2b18.js @ http://localhost:3000/assets/stimulus-loading-1fc53fe7.js:25
[   15657ms] [ERROR] %s

%o

%o Error connecting controller TypeError: Cannot set property liveRegionTarget of #<t> which has only a getter
    at t.setupLiveRegions (http://localhost:3000/assets/controllers/accessibility_enhanced_controller-5c49b46e.js:111:29)
    at t.connect (http://localhost:3000/assets/controllers/accessibility_enhanced_controller-5c49b46e.js:31:10)
    at L.connect (http://localhost:3000/assets/stimulus.min-4b1e420e.js:4:26905)
    at j.connectContextForScope (http://localhost:3000/assets/stimulus.min-4b1e420e.js:4:29697)
    at http://localhost:3000/assets/stimulus.min-4b1e420e.js:4:37287
    at Array.forEach (<anonymous>)
    at H.connectModule (http://localhost:3000/assets/stimulus.min-4b1e420e.js:4:37273)
    at H.loadDefinition (http://localhost:3000/assets/stimulus.min-4b1e420e.js:4:36130)
    at http://localhost:3000/assets/stimulus.min-4b1e420e.js:4:39089
    at Array.forEach (<anonymous>) {identifier: accessibility-enhanced, controller: t, element: div.space-y-6.overflow-x-hidden} @ http://localhost:3000/assets/stimulus.min-4b1e420e.js:3
[   18059ms] [ERROR] X-Frame-Options may only be set via an HTTP header sent along with a document. It may not be set inside <meta>. @ http://localhost:3000/admin/patterns?page=2:161
[   18074ms] [ERROR] Failed to load module script: Expected a JavaScript-or-Wasm module script but the server responded with a MIME type of "application/json". Strict MIME type checking is enforced for module scripts per HTML spec. @ http://localhost:3000/assets/controllers/queue_monitor_controller-d6e31487.js:0
[   18075ms] [ERROR] Failed to load resource: net::ERR_FAILED @ http://localhost:3000/assets/controllers/sync_sessions_controller-8bdd2b18.js:0
[   18253ms] [ERROR] Failed to register controller: queue-monitor (controllers/queue_monitor_controller) TypeError: Failed to fetch dynamically imported module: http://localhost:3000/assets/controllers/queue_monitor_controller-d6e31487.js @ http://localhost:3000/assets/stimulus-loading-1fc53fe7.js:25
[   18253ms] [ERROR] Failed to register controller: sync-sessions (controllers/sync_sessions_controller) TypeError: Failed to fetch dynamically imported module: http://localhost:3000/assets/controllers/sync_sessions_controller-8bdd2b18.js @ http://localhost:3000/assets/stimulus-loading-1fc53fe7.js:25
[   18356ms] [ERROR] X-Frame-Options may only be set via an HTTP header sent along with a document. It may not be set inside <meta>. @ http://localhost:3000/admin/patterns?filter_type=regex:161
[   18369ms] [ERROR] Failed to load module script: Expected a JavaScript-or-Wasm module script but the server responded with a MIME type of "application/json". Strict MIME type checking is enforced for module scripts per HTML spec. @ http://localhost:3000/assets/controllers/queue_monitor_controller-d6e31487.js:0
[   18370ms] [ERROR] Failed to load resource: net::ERR_FAILED @ http://localhost:3000/assets/controllers/sync_sessions_controller-8bdd2b18.js:0
[   18504ms] [ERROR] Failed to register controller: queue-monitor (controllers/queue_monitor_controller) TypeError: Failed to fetch dynamically imported module: http://localhost:3000/assets/controllers/queue_monitor_controller-d6e31487.js @ http://localhost:3000/assets/stimulus-loading-1fc53fe7.js:25
[   18504ms] [ERROR] Failed to register controller: sync-sessions (controllers/sync_sessions_controller) TypeError: Failed to fetch dynamically imported module: http://localhost:3000/assets/controllers/sync_sessions_controller-8bdd2b18.js @ http://localhost:3000/assets/stimulus-loading-1fc53fe7.js:25
[   18600ms] [ERROR] X-Frame-Options may only be set via an HTTP header sent along with a document. It may not be set inside <meta>. @ http://localhost:3000/admin/patterns/new:161
[   18614ms] [ERROR] Failed to load module script: Expected a JavaScript-or-Wasm module script but the server responded with a MIME type of "application/json". Strict MIME type checking is enforced for module scripts per HTML spec. @ http://localhost:3000/assets/controllers/queue_monitor_controller-d6e31487.js:0
[   18614ms] [ERROR] Failed to load resource: net::ERR_FAILED @ http://localhost:3000/assets/controllers/sync_sessions_controller-8bdd2b18.js:0
[   18776ms] [ERROR] Failed to register controller: queue-monitor (controllers/queue_monitor_controller) TypeError: Failed to fetch dynamically imported module: http://localhost:3000/assets/controllers/queue_monitor_controller-d6e31487.js @ http://localhost:3000/assets/stimulus-loading-1fc53fe7.js:25
[   18776ms] [ERROR] Failed to register controller: sync-sessions (controllers/sync_sessions_controller) TypeError: Failed to fetch dynamically imported module: http://localhost:3000/assets/controllers/sync_sessions_controller-8bdd2b18.js @ http://localhost:3000/assets/stimulus-loading-1fc53fe7.js:25
[   21980ms] [WARNING] The resource http://localhost:3000/assets/components/accessibility-e1163401.css was preloaded using link preload but not used within a few seconds from the window's load event. Please make sure it has an appropriate `as` value and it is preloaded intentionally. @ http://localhost:3000/admin/patterns/new:0
[   21980ms] [WARNING] The resource http://localhost:3000/assets/components/undo_notification-ab12206b.css was preloaded using link preload but not used within a few seconds from the window's load event. Please make sure it has an appropriate `as` value and it is preloaded intentionally. @ http://localhost:3000/admin/patterns/new:0
[   21980ms] [WARNING] The resource http://localhost:3000/assets/components/view_toggle-5826adec.css was preloaded using link preload but not used within a few seconds from the window's load event. Please make sure it has an appropriate `as` value and it is preloaded intentionally. @ http://localhost:3000/admin/patterns/new:0
[   21980ms] [WARNING] The resource http://localhost:3000/assets/tailwind-9fc2997c.css was preloaded using link preload but not used within a few seconds from the window's load event. Please make sure it has an appropriate `as` value and it is preloaded intentionally. @ http://localhost:3000/admin/patterns/new:0
[   21980ms] [WARNING] The resource http://localhost:3000/assets/components/dashboard_virtual_scroll-d1f9571d.css was preloaded using link preload but not used within a few seconds from the window's load event. Please make sure it has an appropriate `as` value and it is preloaded intentionally. @ http://localhost:3000/admin/patterns/new:0
[   21980ms] [WARNING] The resource http://localhost:3000/assets/components/mobile_touch_targets-9794614e.css was preloaded using link preload but not used within a few seconds from the window's load event. Please make sure it has an appropriate `as` value and it is preloaded intentionally. @ http://localhost:3000/admin/patterns/new:0
[   21980ms] [WARNING] The resource http://localhost:3000/assets/components/batch_selection-6334db9a.css was preloaded using link preload but not used within a few seconds from the window's load event. Please make sure it has an appropriate `as` value and it is preloaded intentionally. @ http://localhost:3000/admin/patterns/new:0
[   21980ms] [WARNING] The resource http://localhost:3000/assets/application-a9312f36.css was preloaded using link preload but not used within a few seconds from the window's load event. Please make sure it has an appropriate `as` value and it is preloaded intentionally. @ http://localhost:3000/admin/patterns/new:0
[   21980ms] [WARNING] The resource http://localhost:3000/assets/components/inline_actions_simple-cd6fae65.css was preloaded using link preload but not used within a few seconds from the window's load event. Please make sure it has an appropriate `as` value and it is preloaded intentionally. @ http://localhost:3000/admin/patterns/new:0
[   21980ms] [WARNING] The resource http://localhost:3000/assets/components/inline_actions-484cf84c.css was preloaded using link preload but not used within a few seconds from the window's load event. Please make sure it has an appropriate `as` value and it is preloaded intentionally. @ http://localhost:3000/admin/patterns/new:0
[   21980ms] [WARNING] The resource http://localhost:3000/assets/components/dashboard_expenses-bdcb52e2.css was preloaded using link preload but not used within a few seconds from the window's load event. Please make sure it has an appropriate `as` value and it is preloaded intentionally. @ http://localhost:3000/admin/patterns/new:0
[   21980ms] [WARNING] The resource http://localhost:3000/assets/components/mobile_cards-3d351378.css was preloaded using link preload but not used within a few seconds from the window's load event. Please make sure it has an appropriate `as` value and it is preloaded intentionally. @ http://localhost:3000/admin/patterns/new:0
