[    1545ms] [WARNING] An error occurred! For more details, see the full error text at https://go.apollo.dev/c/err#%7B%22version%22%3A%223.14.0%22%2C%22message%22%3A104%2C%22args%22%3A%5B%22ApolloClient%22%2C%22connectToDevTools%22%2C%22Please%20use%20%60devtools.enabled%60%20instead.%22%5D%7D @ https://app.terminal.io/assets/index-d1d977a6.js:1969
[    4423ms] [WARNING] Google Analytics 4 Web Error: Failed to load https://www.googletagmanager.com/gtag/js?id=G-02WEWHM1J1
    at o.onerror (https://cdn-segment.prod.terminal.io/next-integrations/actions/3962/1faa179dfb20d0a3f5a0.js:1:2599) @ https://app.terminal.io/assets/index-d1d977a6.js:2008
[    4424ms] [WARNING] Google Analytics 4 Web Error: Failed to load https://www.googletagmanager.com/gtag/js?id=G-02WEWHM1J1
    at o.onerror (https://cdn-segment.prod.terminal.io/next-integrations/actions/3962/1faa179dfb20d0a3f5a0.js:1:2599) @ https://app.terminal.io/assets/index-d1d977a6.js:2008
[    4425ms] [WARNING] Google Analytics 4 Web Event @ https://app.terminal.io/assets/index-d1d977a6.js:2008
[    4425ms] [WARNING] Google Analytics 4 Web Event @ https://app.terminal.io/assets/index-d1d977a6.js:2008
[    4426ms] Uncaught (in promise) Error: Failed to load https://www.googletagmanager.com/gtag/js?id=G-02WEWHM1J1
    at o.onerror (https://cdn-segment.prod.terminal.io/next-integrations/actions/3962/1faa179dfb20d0a3f5a0.js:0:2598)
[    4426ms] Uncaught (in promise) Error: Failed to load https://www.googletagmanager.com/gtag/js?id=G-02WEWHM1J1
    at o.onerror (https://cdn-segment.prod.terminal.io/next-integrations/actions/3962/1faa179dfb20d0a3f5a0.js:0:2598)
[    4426ms] Uncaught (in promise) #<Event>
    at e (https://cdn-segment.prod.terminal.io/ajs/v1/l5xXOQRfxfSHybUcwlayMpoMUFcSdfQY/a.js:0:41865)
    at <anonymous> (https://cdn-segment.prod.terminal.io/ajs/v1/l5xXOQRfxfSHybUcwlayMpoMUFcSdfQY/a.js:0:97596)
    at <anonymous> (https://cdn-segment.prod.terminal.io/ajs/v1/l5xXOQRfxfSHybUcwlayMpoMUFcSdfQY/a.js:0:33688)
    at <anonymous> (https://cdn-segment.prod.terminal.io/ajs/v1/l5xXOQRfxfSHybUcwlayMpoMUFcSdfQY/a.js:0:33793)
    at u (https://cdn-segment.prod.terminal.io/ajs/v1/l5xXOQRfxfSHybUcwlayMpoMUFcSdfQY/a.js:0:32562)
[    4427ms] Uncaught (in promise) #<Event>
    at e (https://cdn-segment.prod.terminal.io/ajs/v1/l5xXOQRfxfSHybUcwlayMpoMUFcSdfQY/a.js:0:41865)
    at <anonymous> (https://cdn-segment.prod.terminal.io/ajs/v1/l5xXOQRfxfSHybUcwlayMpoMUFcSdfQY/a.js:0:97596)
    at <anonymous> (https://cdn-segment.prod.terminal.io/ajs/v1/l5xXOQRfxfSHybUcwlayMpoMUFcSdfQY/a.js:0:33688)
    at <anonymous> (https://cdn-segment.prod.terminal.io/ajs/v1/l5xXOQRfxfSHybUcwlayMpoMUFcSdfQY/a.js:0:33793)
    at u (https://cdn-segment.prod.terminal.io/ajs/v1/l5xXOQRfxfSHybUcwlayMpoMUFcSdfQY/a.js:0:32562)
[    5420ms] [WARNING] [Meta Pixel] - Multiple pixels with conflicting versions were detected on this page. @ https://app.terminal.io/assets/index-d1d977a6.js:2008
