[      69ms] [ERROR] X-Frame-Options may only be set via an HTTP header sent along with a document. It may not be set inside <meta>. @ http://localhost:3000/admin/composite_patterns/new:161
[    1694ms] [ERROR] %s

%o

%o Error connecting controller TypeError: Cannot set property liveRegionTarget of #<t> which has only a getter
    at t.setupLiveRegions (http://localhost:3000/assets/controllers/accessibility_enhanced_controller-5c49b46e.js:111:29)
    at t.connect (http://localhost:3000/assets/controllers/accessibility_enhanced_controller-5c49b46e.js:31:10)
    at L.connect (http://localhost:3000/assets/stimulus.min-4b1e420e.js:4:26905)
    at j.connectContextForScope (http://localhost:3000/assets/stimulus.min-4b1e420e.js:4:29697)
    at http://localhost:3000/assets/stimulus.min-4b1e420e.js:4:37287
    at Array.forEach (<anonymous>)
    at H.connectModule (http://localhost:3000/assets/stimulus.min-4b1e420e.js:4:37273)
    at H.loadDefinition (http://localhost:3000/assets/stimulus.min-4b1e420e.js:4:36130)
    at http://localhost:3000/assets/stimulus.min-4b1e420e.js:4:39089
    at Array.forEach (<anonymous>) {identifier: accessibility-enhanced, controller: t, element: div.space-y-6.overflow-x-hidden} @ http://localhost:3000/assets/stimulus.min-4b1e420e.js:3
[    1897ms] Error: No charting libraries found - be sure to include one before your charts
    at callAdapter (https://cdn.jsdelivr.net/npm/chartkick@5.0.1/dist/chartkick.esm.js:1849:11)
    at renderChart (https://cdn.jsdelivr.net/npm/chartkick@5.0.1/dist/chartkick.esm.js:2165:5)
    at LineChart.__render (https://cdn.jsdelivr.net/npm/chartkick@5.0.1/dist/chartkick.esm.js:2333:3)
    at errorCatcher (https://cdn.jsdelivr.net/npm/chartkick@5.0.1/dist/chartkick.esm.js:2123:11)
    at fetchDataSource (https://cdn.jsdelivr.net/npm/chartkick@5.0.1/dist/chartkick.esm.js:2156:5)
    at LineChart.Chart (https://cdn.jsdelivr.net/npm/chartkick@5.0.1/dist/chartkick.esm.js:2196:3)
    at new LineChart (https://cdn.jsdelivr.net/npm/chartkick@5.0.1/dist/chartkick.esm.js:2342:11)
    at createChart (<anonymous>:6:36)
    at <anonymous>:8:7
    at <anonymous>:12:5
[    1897ms] Error: No charting libraries found - be sure to include one before your charts
    at callAdapter (https://cdn.jsdelivr.net/npm/chartkick@5.0.1/dist/chartkick.esm.js:1849:11)
    at renderChart (https://cdn.jsdelivr.net/npm/chartkick@5.0.1/dist/chartkick.esm.js:2165:5)
    at PieChart.__render (https://cdn.jsdelivr.net/npm/chartkick@5.0.1/dist/chartkick.esm.js:2333:3)
    at errorCatcher (https://cdn.jsdelivr.net/npm/chartkick@5.0.1/dist/chartkick.esm.js:2123:11)
    at fetchDataSource (https://cdn.jsdelivr.net/npm/chartkick@5.0.1/dist/chartkick.esm.js:2156:5)
    at PieChart.Chart (https://cdn.jsdelivr.net/npm/chartkick@5.0.1/dist/chartkick.esm.js:2196:3)
    at new PieChart (https://cdn.jsdelivr.net/npm/chartkick@5.0.1/dist/chartkick.esm.js:2362:11)
    at createChart (<anonymous>:6:36)
    at <anonymous>:8:7
    at <anonymous>:12:5
[    1880ms] [WARNING] WebSocket connection to 'wss://echo.websocket.org/' failed: WebSocket is closed before the connection is established. @ http://localhost:3000/assets/controllers/sync_widget_controller-48b948c7.js:1137
[    3816ms] [WARNING] Chart.js not available, falling back to canvas rendering: Error: Chart.js not loaded after maximum attempts
    at checkChart (http://localhost:3000/assets/controllers/sparkline_controller-2daaec94.js:76:18) @ http://localhost:3000/assets/controllers/sparkline_controller-2daaec94.js:31
[    3818ms] [WARNING] Chart.js not available, falling back to canvas rendering: Error: Chart.js not loaded after maximum attempts
    at checkChart (http://localhost:3000/assets/controllers/sparkline_controller-2daaec94.js:76:18) @ http://localhost:3000/assets/controllers/sparkline_controller-2daaec94.js:31
[    3818ms] [WARNING] Chart.js not available, falling back to canvas rendering: Error: Chart.js not loaded after maximum attempts
    at checkChart (http://localhost:3000/assets/controllers/sparkline_controller-2daaec94.js:76:18) @ http://localhost:3000/assets/controllers/sparkline_controller-2daaec94.js:31
[    3819ms] [WARNING] Chart.js not available, falling back to canvas rendering: Error: Chart.js not loaded after maximum attempts
    at checkChart (http://localhost:3000/assets/controllers/sparkline_controller-2daaec94.js:76:18) @ http://localhost:3000/assets/controllers/sparkline_controller-2daaec94.js:31
