[      81ms] [ERROR] X-Frame-Options may only be set via an HTTP header sent along with a document. It may not be set inside <meta>. @ http://localhost:3000/admin/login:153
[     100ms] [ERROR] Failed to load module script: Expected a JavaScript-or-Wasm module script but the server responded with a MIME type of "application/json". Strict MIME type checking is enforced for module scripts per HTML spec. @ http://localhost:3000/assets/controllers/queue_monitor_controller-d6e31487.js:0
[     119ms] [ERROR] Failed to load resource: net::ERR_FAILED @ http://localhost:3000/assets/controllers/sync_sessions_controller-8bdd2b18.js:0
[     299ms] [ERROR] Failed to register controller: queue-monitor (controllers/queue_monitor_controller) TypeError: Failed to fetch dynamically imported module: http://localhost:3000/assets/controllers/queue_monitor_controller-d6e31487.js @ http://localhost:3000/assets/stimulus-loading-1fc53fe7.js:25
[     299ms] [ERROR] Failed to register controller: sync-sessions (controllers/sync_sessions_controller) TypeError: Failed to fetch dynamically imported module: http://localhost:3000/assets/controllers/sync_sessions_controller-8bdd2b18.js @ http://localhost:3000/assets/stimulus-loading-1fc53fe7.js:25
[     450ms] [ERROR] X-Frame-Options may only be set via an HTTP header sent along with a document. It may not be set inside <meta>. @ http://localhost:3000/admin/login:153
[     465ms] [ERROR] Failed to load module script: Expected a JavaScript-or-Wasm module script but the server responded with a MIME type of "application/json". Strict MIME type checking is enforced for module scripts per HTML spec. @ http://localhost:3000/assets/controllers/queue_monitor_controller-d6e31487.js:0
[     466ms] [ERROR] Failed to load resource: net::ERR_FAILED @ http://localhost:3000/assets/controllers/sync_sessions_controller-8bdd2b18.js:0
[     597ms] [ERROR] Failed to register controller: queue-monitor (controllers/queue_monitor_controller) TypeError: Failed to fetch dynamically imported module: http://localhost:3000/assets/controllers/queue_monitor_controller-d6e31487.js @ http://localhost:3000/assets/stimulus-loading-1fc53fe7.js:25
[     597ms] [ERROR] Failed to register controller: sync-sessions (controllers/sync_sessions_controller) TypeError: Failed to fetch dynamically imported module: http://localhost:3000/assets/controllers/sync_sessions_controller-8bdd2b18.js @ http://localhost:3000/assets/stimulus-loading-1fc53fe7.js:25
[     681ms] [ERROR] Failed to load resource: the server responded with a status of 429 (Too Many Requests) @ http://localhost:3000/admin/login:0
[    3708ms] [WARNING] The resource http://localhost:3000/assets/components/accessibility-e1163401.css was preloaded using link preload but not used within a few seconds from the window's load event. Please make sure it has an appropriate `as` value and it is preloaded intentionally. @ http://localhost:3000/admin/login:0
[    3708ms] [WARNING] The resource http://localhost:3000/assets/components/undo_notification-ab12206b.css was preloaded using link preload but not used within a few seconds from the window's load event. Please make sure it has an appropriate `as` value and it is preloaded intentionally. @ http://localhost:3000/admin/login:0
[    3708ms] [WARNING] The resource http://localhost:3000/assets/components/view_toggle-5826adec.css was preloaded using link preload but not used within a few seconds from the window's load event. Please make sure it has an appropriate `as` value and it is preloaded intentionally. @ http://localhost:3000/admin/login:0
[    3708ms] [WARNING] The resource http://localhost:3000/assets/tailwind-9fc2997c.css was preloaded using link preload but not used within a few seconds from the window's load event. Please make sure it has an appropriate `as` value and it is preloaded intentionally. @ http://localhost:3000/admin/login:0
[    3708ms] [WARNING] The resource http://localhost:3000/assets/components/dashboard_virtual_scroll-d1f9571d.css was preloaded using link preload but not used within a few seconds from the window's load event. Please make sure it has an appropriate `as` value and it is preloaded intentionally. @ http://localhost:3000/admin/login:0
[    3708ms] [WARNING] The resource http://localhost:3000/assets/components/mobile_touch_targets-9794614e.css was preloaded using link preload but not used within a few seconds from the window's load event. Please make sure it has an appropriate `as` value and it is preloaded intentionally. @ http://localhost:3000/admin/login:0
[    3708ms] [WARNING] The resource http://localhost:3000/assets/components/batch_selection-6334db9a.css was preloaded using link preload but not used within a few seconds from the window's load event. Please make sure it has an appropriate `as` value and it is preloaded intentionally. @ http://localhost:3000/admin/login:0
[    3708ms] [WARNING] The resource http://localhost:3000/assets/application-a9312f36.css was preloaded using link preload but not used within a few seconds from the window's load event. Please make sure it has an appropriate `as` value and it is preloaded intentionally. @ http://localhost:3000/admin/login:0
[    3708ms] [WARNING] The resource http://localhost:3000/assets/components/inline_actions_simple-cd6fae65.css was preloaded using link preload but not used within a few seconds from the window's load event. Please make sure it has an appropriate `as` value and it is preloaded intentionally. @ http://localhost:3000/admin/login:0
[    3708ms] [WARNING] The resource http://localhost:3000/assets/components/inline_actions-484cf84c.css was preloaded using link preload but not used within a few seconds from the window's load event. Please make sure it has an appropriate `as` value and it is preloaded intentionally. @ http://localhost:3000/admin/login:0
[    3708ms] [WARNING] The resource http://localhost:3000/assets/components/dashboard_expenses-bdcb52e2.css was preloaded using link preload but not used within a few seconds from the window's load event. Please make sure it has an appropriate `as` value and it is preloaded intentionally. @ http://localhost:3000/admin/login:0
[    3708ms] [WARNING] The resource http://localhost:3000/assets/components/mobile_cards-3d351378.css was preloaded using link preload but not used within a few seconds from the window's load event. Please make sure it has an appropriate `as` value and it is preloaded intentionally. @ http://localhost:3000/admin/login:0
[    4153ms] [ERROR] X-Frame-Options may only be set via an HTTP header sent along with a document. It may not be set inside <meta>. @ http://localhost:3000/admin/login:153
[    4167ms] [ERROR] Failed to load module script: Expected a JavaScript-or-Wasm module script but the server responded with a MIME type of "application/json". Strict MIME type checking is enforced for module scripts per HTML spec. @ http://localhost:3000/assets/controllers/queue_monitor_controller-d6e31487.js:0
[    4168ms] [ERROR] Failed to load resource: net::ERR_FAILED @ http://localhost:3000/assets/controllers/sync_sessions_controller-8bdd2b18.js:0
[    4299ms] [ERROR] Failed to register controller: queue-monitor (controllers/queue_monitor_controller) TypeError: Failed to fetch dynamically imported module: http://localhost:3000/assets/controllers/queue_monitor_controller-d6e31487.js @ http://localhost:3000/assets/stimulus-loading-1fc53fe7.js:25
[    4299ms] [ERROR] Failed to register controller: sync-sessions (controllers/sync_sessions_controller) TypeError: Failed to fetch dynamically imported module: http://localhost:3000/assets/controllers/sync_sessions_controller-8bdd2b18.js @ http://localhost:3000/assets/stimulus-loading-1fc53fe7.js:25
[    4423ms] [ERROR] Failed to load resource: the server responded with a status of 429 (Too Many Requests) @ http://localhost:3000/admin/login:0
[    7450ms] [WARNING] The resource http://localhost:3000/assets/components/accessibility-e1163401.css was preloaded using link preload but not used within a few seconds from the window's load event. Please make sure it has an appropriate `as` value and it is preloaded intentionally. @ http://localhost:3000/admin/login:0
[    7450ms] [WARNING] The resource http://localhost:3000/assets/components/undo_notification-ab12206b.css was preloaded using link preload but not used within a few seconds from the window's load event. Please make sure it has an appropriate `as` value and it is preloaded intentionally. @ http://localhost:3000/admin/login:0
[    7450ms] [WARNING] The resource http://localhost:3000/assets/components/view_toggle-5826adec.css was preloaded using link preload but not used within a few seconds from the window's load event. Please make sure it has an appropriate `as` value and it is preloaded intentionally. @ http://localhost:3000/admin/login:0
[    7450ms] [WARNING] The resource http://localhost:3000/assets/tailwind-9fc2997c.css was preloaded using link preload but not used within a few seconds from the window's load event. Please make sure it has an appropriate `as` value and it is preloaded intentionally. @ http://localhost:3000/admin/login:0
[    7450ms] [WARNING] The resource http://localhost:3000/assets/components/dashboard_virtual_scroll-d1f9571d.css was preloaded using link preload but not used within a few seconds from the window's load event. Please make sure it has an appropriate `as` value and it is preloaded intentionally. @ http://localhost:3000/admin/login:0
[    7450ms] [WARNING] The resource http://localhost:3000/assets/components/mobile_touch_targets-9794614e.css was preloaded using link preload but not used within a few seconds from the window's load event. Please make sure it has an appropriate `as` value and it is preloaded intentionally. @ http://localhost:3000/admin/login:0
[    7450ms] [WARNING] The resource http://localhost:3000/assets/components/batch_selection-6334db9a.css was preloaded using link preload but not used within a few seconds from the window's load event. Please make sure it has an appropriate `as` value and it is preloaded intentionally. @ http://localhost:3000/admin/login:0
[    7450ms] [WARNING] The resource http://localhost:3000/assets/application-a9312f36.css was preloaded using link preload but not used within a few seconds from the window's load event. Please make sure it has an appropriate `as` value and it is preloaded intentionally. @ http://localhost:3000/admin/login:0
[    7450ms] [WARNING] The resource http://localhost:3000/assets/components/inline_actions_simple-cd6fae65.css was preloaded using link preload but not used within a few seconds from the window's load event. Please make sure it has an appropriate `as` value and it is preloaded intentionally. @ http://localhost:3000/admin/login:0
[    7450ms] [WARNING] The resource http://localhost:3000/assets/components/inline_actions-484cf84c.css was preloaded using link preload but not used within a few seconds from the window's load event. Please make sure it has an appropriate `as` value and it is preloaded intentionally. @ http://localhost:3000/admin/login:0
[    7450ms] [WARNING] The resource http://localhost:3000/assets/components/dashboard_expenses-bdcb52e2.css was preloaded using link preload but not used within a few seconds from the window's load event. Please make sure it has an appropriate `as` value and it is preloaded intentionally. @ http://localhost:3000/admin/login:0
[    7450ms] [WARNING] The resource http://localhost:3000/assets/components/mobile_cards-3d351378.css was preloaded using link preload but not used within a few seconds from the window's load event. Please make sure it has an appropriate `as` value and it is preloaded intentionally. @ http://localhost:3000/admin/login:0
[   17561ms] [ERROR] Failed to load resource: the server responded with a status of 429 (Too Many Requests) @ http://localhost:3000/admin/login:0
[   17566ms] [ERROR] X-Frame-Options may only be set via an HTTP header sent along with a document. It may not be set inside <meta>. @ http://localhost:3000/admin/login:153
[   17582ms] [ERROR] Failed to load module script: Expected a JavaScript-or-Wasm module script but the server responded with a MIME type of "application/json". Strict MIME type checking is enforced for module scripts per HTML spec. @ http://localhost:3000/assets/controllers/queue_monitor_controller-d6e31487.js:0
[   17583ms] [ERROR] Failed to load resource: net::ERR_FAILED @ http://localhost:3000/assets/controllers/sync_sessions_controller-8bdd2b18.js:0
[   17735ms] [ERROR] Failed to register controller: queue-monitor (controllers/queue_monitor_controller) TypeError: Failed to fetch dynamically imported module: http://localhost:3000/assets/controllers/queue_monitor_controller-d6e31487.js @ http://localhost:3000/assets/stimulus-loading-1fc53fe7.js:25
[   17735ms] [ERROR] Failed to register controller: sync-sessions (controllers/sync_sessions_controller) TypeError: Failed to fetch dynamically imported module: http://localhost:3000/assets/controllers/sync_sessions_controller-8bdd2b18.js @ http://localhost:3000/assets/stimulus-loading-1fc53fe7.js:25
[   19569ms] [ERROR] X-Frame-Options may only be set via an HTTP header sent along with a document. It may not be set inside <meta>. @ http://localhost:3000/admin/login:153
[   19583ms] [ERROR] Failed to load module script: Expected a JavaScript-or-Wasm module script but the server responded with a MIME type of "application/json". Strict MIME type checking is enforced for module scripts per HTML spec. @ http://localhost:3000/assets/controllers/queue_monitor_controller-d6e31487.js:0
[   19585ms] [ERROR] Failed to load resource: net::ERR_FAILED @ http://localhost:3000/assets/controllers/sync_sessions_controller-8bdd2b18.js:0
[   19773ms] [ERROR] Failed to register controller: queue-monitor (controllers/queue_monitor_controller) TypeError: Failed to fetch dynamically imported module: http://localhost:3000/assets/controllers/queue_monitor_controller-d6e31487.js @ http://localhost:3000/assets/stimulus-loading-1fc53fe7.js:25
[   19773ms] [ERROR] Failed to register controller: sync-sessions (controllers/sync_sessions_controller) TypeError: Failed to fetch dynamically imported module: http://localhost:3000/assets/controllers/sync_sessions_controller-8bdd2b18.js @ http://localhost:3000/assets/stimulus-loading-1fc53fe7.js:25
[   19872ms] [ERROR] Failed to load resource: the server responded with a status of 429 (Too Many Requests) @ http://localhost:3000/admin/login:0
[   19928ms] [ERROR] X-Frame-Options may only be set via an HTTP header sent along with a document. It may not be set inside <meta>. @ http://localhost:3000/admin/login:153
[   19944ms] [ERROR] Failed to load module script: Expected a JavaScript-or-Wasm module script but the server responded with a MIME type of "application/json". Strict MIME type checking is enforced for module scripts per HTML spec. @ http://localhost:3000/assets/controllers/queue_monitor_controller-d6e31487.js:0
[   19945ms] [ERROR] Failed to load resource: net::ERR_FAILED @ http://localhost:3000/assets/controllers/sync_sessions_controller-8bdd2b18.js:0
[   20075ms] [ERROR] Failed to register controller: queue-monitor (controllers/queue_monitor_controller) TypeError: Failed to fetch dynamically imported module: http://localhost:3000/assets/controllers/queue_monitor_controller-d6e31487.js @ http://localhost:3000/assets/stimulus-loading-1fc53fe7.js:25
[   20075ms] [ERROR] Failed to register controller: sync-sessions (controllers/sync_sessions_controller) TypeError: Failed to fetch dynamically imported module: http://localhost:3000/assets/controllers/sync_sessions_controller-8bdd2b18.js @ http://localhost:3000/assets/stimulus-loading-1fc53fe7.js:25
