[     155ms] Error: No charting libraries found - be sure to include one before your charts
    at callAdapter (https://cdn.jsdelivr.net/npm/chartkick@5.0.1/dist/chartkick.esm.js:1849:11)
    at renderChart (https://cdn.jsdelivr.net/npm/chartkick@5.0.1/dist/chartkick.esm.js:2165:5)
    at LineChart.__render (https://cdn.jsdelivr.net/npm/chartkick@5.0.1/dist/chartkick.esm.js:2333:3)
    at errorCatcher (https://cdn.jsdelivr.net/npm/chartkick@5.0.1/dist/chartkick.esm.js:2123:11)
    at fetchDataSource (https://cdn.jsdelivr.net/npm/chartkick@5.0.1/dist/chartkick.esm.js:2156:5)
    at LineChart.Chart (https://cdn.jsdelivr.net/npm/chartkick@5.0.1/dist/chartkick.esm.js:2196:3)
    at new LineChart (https://cdn.jsdelivr.net/npm/chartkick@5.0.1/dist/chartkick.esm.js:2342:11)
    at createChart (http://localhost:3000/expenses/dashboard:961:36)
    at https://cdn.jsdelivr.net/npm/chartkick@5.0.1/dist/chartkick.esm.js:2555:12
[     156ms] Error: No charting libraries found - be sure to include one before your charts
    at callAdapter (https://cdn.jsdelivr.net/npm/chartkick@5.0.1/dist/chartkick.esm.js:1849:11)
    at renderChart (https://cdn.jsdelivr.net/npm/chartkick@5.0.1/dist/chartkick.esm.js:2165:5)
    at PieChart.__render (https://cdn.jsdelivr.net/npm/chartkick@5.0.1/dist/chartkick.esm.js:2333:3)
    at errorCatcher (https://cdn.jsdelivr.net/npm/chartkick@5.0.1/dist/chartkick.esm.js:2123:11)
    at fetchDataSource (https://cdn.jsdelivr.net/npm/chartkick@5.0.1/dist/chartkick.esm.js:2156:5)
    at PieChart.Chart (https://cdn.jsdelivr.net/npm/chartkick@5.0.1/dist/chartkick.esm.js:2196:3)
    at new PieChart (https://cdn.jsdelivr.net/npm/chartkick@5.0.1/dist/chartkick.esm.js:2362:11)
    at createChart (http://localhost:3000/expenses/dashboard:981:36)
    at https://cdn.jsdelivr.net/npm/chartkick@5.0.1/dist/chartkick.esm.js:2555:12
[     138ms] [WARNING] WebSocket connection to 'wss://echo.websocket.org/' failed: WebSocket is closed before the connection is established. @ http://localhost:3000/assets/controllers/sync_widget_controller-48b948c7.js:1137
[     138ms] [WARNING] WebSocket connection to 'wss://echo.websocket.org/' failed: WebSocket is closed before the connection is established. @ http://localhost:3000/assets/controllers/sync_widget_controller-48b948c7.js:1137
[    2089ms] [WARNING] Chart.js not available, falling back to canvas rendering: Error: Chart.js not loaded after maximum attempts
    at checkChart (http://localhost:3000/assets/controllers/sparkline_controller-2daaec94.js:76:18) @ http://localhost:3000/assets/controllers/sparkline_controller-2daaec94.js:31
[    2090ms] [WARNING] Chart.js not available, falling back to canvas rendering: Error: Chart.js not loaded after maximum attempts
    at checkChart (http://localhost:3000/assets/controllers/sparkline_controller-2daaec94.js:76:18) @ http://localhost:3000/assets/controllers/sparkline_controller-2daaec94.js:31
[    2090ms] [WARNING] Chart.js not available, falling back to canvas rendering: Error: Chart.js not loaded after maximum attempts
    at checkChart (http://localhost:3000/assets/controllers/sparkline_controller-2daaec94.js:76:18) @ http://localhost:3000/assets/controllers/sparkline_controller-2daaec94.js:31
[    2090ms] [WARNING] Chart.js not available, falling back to canvas rendering: Error: Chart.js not loaded after maximum attempts
    at checkChart (http://localhost:3000/assets/controllers/sparkline_controller-2daaec94.js:76:18) @ http://localhost:3000/assets/controllers/sparkline_controller-2daaec94.js:31
[    6312ms] [ERROR] X-Frame-Options may only be set via an HTTP header sent along with a document. It may not be set inside <meta>. @ http://localhost:3000/admin/patterns:161
