[     105ms] [ERROR] X-Frame-Options may only be set via an HTTP header sent along with a document. It may not be set inside <meta>. @ http://localhost:3000/analytics/pattern_dashboard:161
[     141ms] [ERROR] Error loading trend data: TypeError: this.element.getContext is not a function
    at t.renderChart (http://localhost:3000/assets/controllers/pattern_trend_chart_controller-b3e21c73.js:46:30)
    at t.loadChartData (http://localhost:3000/assets/controllers/pattern_trend_chart_controller-b3e21c73.js:38:12) @ http://localhost:3000/assets/controllers/pattern_trend_chart_controller-b3e21c73.js:39
[   12333ms] [ERROR] %s

%o

%o Error connecting controller TypeError: Cannot set property liveRegionTarget of #<t> which has only a getter
    at t.setupLiveRegions (http://localhost:3000/assets/controllers/accessibility_enhanced_controller-5c49b46e.js:111:29)
    at t.connect (http://localhost:3000/assets/controllers/accessibility_enhanced_controller-5c49b46e.js:31:10)
    at L.connect (http://localhost:3000/assets/stimulus.min-4b1e420e.js:4:26905)
    at j.connectContextForScope (http://localhost:3000/assets/stimulus.min-4b1e420e.js:4:29697)
    at http://localhost:3000/assets/stimulus.min-4b1e420e.js:4:37287
    at Array.forEach (<anonymous>)
    at H.connectModule (http://localhost:3000/assets/stimulus.min-4b1e420e.js:4:37273)
    at H.loadDefinition (http://localhost:3000/assets/stimulus.min-4b1e420e.js:4:36130)
    at http://localhost:3000/assets/stimulus.min-4b1e420e.js:4:39089
    at Array.forEach (<anonymous>) {identifier: accessibility-enhanced, controller: t, element: div.space-y-6.overflow-x-hidden} @ http://localhost:3000/assets/stimulus.min-4b1e420e.js:3
[   21064ms] [ERROR] %s

%o

%o Error connecting controller TypeError: Cannot set property liveRegionTarget of #<t> which has only a getter
    at t.setupLiveRegions (http://localhost:3000/assets/controllers/accessibility_enhanced_controller-5c49b46e.js:111:29)
    at t.connect (http://localhost:3000/assets/controllers/accessibility_enhanced_controller-5c49b46e.js:31:10)
    at L.connect (http://localhost:3000/assets/stimulus.min-4b1e420e.js:4:26905)
    at j.connectContextForScope (http://localhost:3000/assets/stimulus.min-4b1e420e.js:4:29697)
    at http://localhost:3000/assets/stimulus.min-4b1e420e.js:4:37287
    at Array.forEach (<anonymous>)
    at H.connectModule (http://localhost:3000/assets/stimulus.min-4b1e420e.js:4:37273)
    at H.loadDefinition (http://localhost:3000/assets/stimulus.min-4b1e420e.js:4:36130)
    at http://localhost:3000/assets/stimulus.min-4b1e420e.js:4:39089
    at Array.forEach (<anonymous>) {identifier: accessibility-enhanced, controller: t, element: div.space-y-6.overflow-x-hidden} @ http://localhost:3000/assets/stimulus.min-4b1e420e.js:3
[   32670ms] [ERROR] %s

%o

%o Error connecting controller TypeError: Cannot set property liveRegionTarget of #<t> which has only a getter
    at t.setupLiveRegions (http://localhost:3000/assets/controllers/accessibility_enhanced_controller-5c49b46e.js:111:29)
    at t.connect (http://localhost:3000/assets/controllers/accessibility_enhanced_controller-5c49b46e.js:31:10)
    at L.connect (http://localhost:3000/assets/stimulus.min-4b1e420e.js:4:26905)
    at j.connectContextForScope (http://localhost:3000/assets/stimulus.min-4b1e420e.js:4:29697)
    at http://localhost:3000/assets/stimulus.min-4b1e420e.js:4:37287
    at Array.forEach (<anonymous>)
    at H.connectModule (http://localhost:3000/assets/stimulus.min-4b1e420e.js:4:37273)
    at H.loadDefinition (http://localhost:3000/assets/stimulus.min-4b1e420e.js:4:36130)
    at http://localhost:3000/assets/stimulus.min-4b1e420e.js:4:39089
    at Array.forEach (<anonymous>) {identifier: accessibility-enhanced, controller: t, element: div.space-y-6.overflow-x-hidden} @ http://localhost:3000/assets/stimulus.min-4b1e420e.js:3
[   33856ms] [ERROR] %s

%o

%o Error connecting controller TypeError: Cannot set property liveRegionTarget of #<t> which has only a getter
    at t.setupLiveRegions (http://localhost:3000/assets/controllers/accessibility_enhanced_controller-5c49b46e.js:111:29)
    at t.connect (http://localhost:3000/assets/controllers/accessibility_enhanced_controller-5c49b46e.js:31:10)
    at L.connect (http://localhost:3000/assets/stimulus.min-4b1e420e.js:4:26905)
    at j.connectContextForScope (http://localhost:3000/assets/stimulus.min-4b1e420e.js:4:29697)
    at http://localhost:3000/assets/stimulus.min-4b1e420e.js:4:37287
    at Array.forEach (<anonymous>)
    at H.connectModule (http://localhost:3000/assets/stimulus.min-4b1e420e.js:4:37273)
    at H.loadDefinition (http://localhost:3000/assets/stimulus.min-4b1e420e.js:4:36130)
    at http://localhost:3000/assets/stimulus.min-4b1e420e.js:4:39089
    at Array.forEach (<anonymous>) {identifier: accessibility-enhanced, controller: t, element: div.space-y-6.overflow-x-hidden} @ http://localhost:3000/assets/stimulus.min-4b1e420e.js:3
[   34566ms] [ERROR] %s

%o

%o Error connecting controller TypeError: Cannot set property liveRegionTarget of #<t> which has only a getter
    at t.setupLiveRegions (http://localhost:3000/assets/controllers/accessibility_enhanced_controller-5c49b46e.js:111:29)
    at t.connect (http://localhost:3000/assets/controllers/accessibility_enhanced_controller-5c49b46e.js:31:10)
    at L.connect (http://localhost:3000/assets/stimulus.min-4b1e420e.js:4:26905)
    at j.connectContextForScope (http://localhost:3000/assets/stimulus.min-4b1e420e.js:4:29697)
    at http://localhost:3000/assets/stimulus.min-4b1e420e.js:4:37287
    at Array.forEach (<anonymous>)
    at H.connectModule (http://localhost:3000/assets/stimulus.min-4b1e420e.js:4:37273)
    at H.loadDefinition (http://localhost:3000/assets/stimulus.min-4b1e420e.js:4:36130)
    at http://localhost:3000/assets/stimulus.min-4b1e420e.js:4:39089
    at Array.forEach (<anonymous>) {identifier: accessibility-enhanced, controller: t, element: div.space-y-6.overflow-x-hidden} @ http://localhost:3000/assets/stimulus.min-4b1e420e.js:3
[   35261ms] [ERROR] %s

%o

%o Error connecting controller TypeError: Cannot set property liveRegionTarget of #<t> which has only a getter
    at t.setupLiveRegions (http://localhost:3000/assets/controllers/accessibility_enhanced_controller-5c49b46e.js:111:29)
    at t.connect (http://localhost:3000/assets/controllers/accessibility_enhanced_controller-5c49b46e.js:31:10)
    at L.connect (http://localhost:3000/assets/stimulus.min-4b1e420e.js:4:26905)
    at j.connectContextForScope (http://localhost:3000/assets/stimulus.min-4b1e420e.js:4:29697)
    at http://localhost:3000/assets/stimulus.min-4b1e420e.js:4:37287
    at Array.forEach (<anonymous>)
    at H.connectModule (http://localhost:3000/assets/stimulus.min-4b1e420e.js:4:37273)
    at H.loadDefinition (http://localhost:3000/assets/stimulus.min-4b1e420e.js:4:36130)
    at http://localhost:3000/assets/stimulus.min-4b1e420e.js:4:39089
    at Array.forEach (<anonymous>) {identifier: accessibility-enhanced, controller: t, element: div.space-y-6.overflow-x-hidden} @ http://localhost:3000/assets/stimulus.min-4b1e420e.js:3
[   35597ms] [ERROR] %s

%o

%o Error connecting controller TypeError: Cannot set property liveRegionTarget of #<t> which has only a getter
    at t.setupLiveRegions (http://localhost:3000/assets/controllers/accessibility_enhanced_controller-5c49b46e.js:111:29)
    at t.connect (http://localhost:3000/assets/controllers/accessibility_enhanced_controller-5c49b46e.js:31:10)
    at L.connect (http://localhost:3000/assets/stimulus.min-4b1e420e.js:4:26905)
    at j.connectContextForScope (http://localhost:3000/assets/stimulus.min-4b1e420e.js:4:29697)
    at http://localhost:3000/assets/stimulus.min-4b1e420e.js:4:37287
    at Array.forEach (<anonymous>)
    at H.connectModule (http://localhost:3000/assets/stimulus.min-4b1e420e.js:4:37273)
    at H.loadDefinition (http://localhost:3000/assets/stimulus.min-4b1e420e.js:4:36130)
    at http://localhost:3000/assets/stimulus.min-4b1e420e.js:4:39089
    at Array.forEach (<anonymous>) {identifier: accessibility-enhanced, controller: t, element: div.space-y-6.overflow-x-hidden} @ http://localhost:3000/assets/stimulus.min-4b1e420e.js:3
[   35796ms] [ERROR] Failed to load resource: the server responded with a status of 500 (Internal Server Error) @ http://localhost:3000/undo_histories/26/undo:0
[   35874ms] [ERROR] %s

%o

%o Error connecting controller TypeError: Cannot set property liveRegionTarget of #<t> which has only a getter
    at t.setupLiveRegions (http://localhost:3000/assets/controllers/accessibility_enhanced_controller-5c49b46e.js:111:29)
    at t.connect (http://localhost:3000/assets/controllers/accessibility_enhanced_controller-5c49b46e.js:31:10)
    at L.connect (http://localhost:3000/assets/stimulus.min-4b1e420e.js:4:26905)
    at j.connectContextForScope (http://localhost:3000/assets/stimulus.min-4b1e420e.js:4:29697)
    at http://localhost:3000/assets/stimulus.min-4b1e420e.js:4:37287
    at Array.forEach (<anonymous>)
    at H.connectModule (http://localhost:3000/assets/stimulus.min-4b1e420e.js:4:37273)
    at H.loadDefinition (http://localhost:3000/assets/stimulus.min-4b1e420e.js:4:36130)
    at http://localhost:3000/assets/stimulus.min-4b1e420e.js:4:39089
    at Array.forEach (<anonymous>) {identifier: accessibility-enhanced, controller: t, element: div.space-y-6.overflow-x-hidden} @ http://localhost:3000/assets/stimulus.min-4b1e420e.js:3
[   36574ms] [ERROR] %s

%o

%o Error connecting controller TypeError: Cannot set property liveRegionTarget of #<t> which has only a getter
    at t.setupLiveRegions (http://localhost:3000/assets/controllers/accessibility_enhanced_controller-5c49b46e.js:111:29)
    at t.connect (http://localhost:3000/assets/controllers/accessibility_enhanced_controller-5c49b46e.js:31:10)
    at L.connect (http://localhost:3000/assets/stimulus.min-4b1e420e.js:4:26905)
    at j.connectContextForScope (http://localhost:3000/assets/stimulus.min-4b1e420e.js:4:29697)
    at http://localhost:3000/assets/stimulus.min-4b1e420e.js:4:37287
    at Array.forEach (<anonymous>)
    at H.connectModule (http://localhost:3000/assets/stimulus.min-4b1e420e.js:4:37273)
    at H.loadDefinition (http://localhost:3000/assets/stimulus.min-4b1e420e.js:4:36130)
    at http://localhost:3000/assets/stimulus.min-4b1e420e.js:4:39089
    at Array.forEach (<anonymous>) {identifier: accessibility-enhanced, controller: t, element: div.space-y-6.overflow-x-hidden} @ http://localhost:3000/assets/stimulus.min-4b1e420e.js:3
[   37279ms] [ERROR] %s

%o

%o Error connecting controller TypeError: Cannot set property liveRegionTarget of #<t> which has only a getter
    at t.setupLiveRegions (http://localhost:3000/assets/controllers/accessibility_enhanced_controller-5c49b46e.js:111:29)
    at t.connect (http://localhost:3000/assets/controllers/accessibility_enhanced_controller-5c49b46e.js:31:10)
    at L.connect (http://localhost:3000/assets/stimulus.min-4b1e420e.js:4:26905)
    at j.connectContextForScope (http://localhost:3000/assets/stimulus.min-4b1e420e.js:4:29697)
    at H.scopeConnected (http://localhost:3000/assets/stimulus.min-4b1e420e.js:4:36978)
    at J.elementMatchedValue (http://localhost:3000/assets/stimulus.min-4b1e420e.js:4:35147)
    at F.tokenMatched (http://localhost:3000/assets/stimulus.min-4b1e420e.js:4:15098)
    at N.tokenMatched (http://localhost:3000/assets/stimulus.min-4b1e420e.js:4:13795)
    at http://localhost:3000/assets/stimulus.min-4b1e420e.js:4:13689
    at Array.forEach (<anonymous>) {identifier: accessibility-enhanced, controller: t, element: div.space-y-6.overflow-x-hidden} @ http://localhost:3000/assets/stimulus.min-4b1e420e.js:3
[   43747ms] [ERROR] %s

%o

%o Error connecting controller TypeError: Cannot set property liveRegionTarget of #<t> which has only a getter
    at t.setupLiveRegions (http://localhost:3000/assets/controllers/accessibility_enhanced_controller-5c49b46e.js:111:29)
    at t.connect (http://localhost:3000/assets/controllers/accessibility_enhanced_controller-5c49b46e.js:31:10)
    at L.connect (http://localhost:3000/assets/stimulus.min-4b1e420e.js:4:26905)
    at j.connectContextForScope (http://localhost:3000/assets/stimulus.min-4b1e420e.js:4:29697)
    at http://localhost:3000/assets/stimulus.min-4b1e420e.js:4:37287
    at Array.forEach (<anonymous>)
    at H.connectModule (http://localhost:3000/assets/stimulus.min-4b1e420e.js:4:37273)
    at H.loadDefinition (http://localhost:3000/assets/stimulus.min-4b1e420e.js:4:36130)
    at http://localhost:3000/assets/stimulus.min-4b1e420e.js:4:39089
    at Array.forEach (<anonymous>) {identifier: accessibility-enhanced, controller: t, element: div.space-y-6.overflow-x-hidden} @ http://localhost:3000/assets/stimulus.min-4b1e420e.js:3
[   43857ms] [ERROR] Failed to load resource: the server responded with a status of 422 (Unprocessable Content) @ http://localhost:3000/undo_histories/26/undo:0
[   52134ms] [ERROR] %s

%o

%o Error connecting controller TypeError: Cannot set property liveRegionTarget of #<t> which has only a getter
    at t.setupLiveRegions (http://localhost:3000/assets/controllers/accessibility_enhanced_controller-5c49b46e.js:111:29)
    at t.connect (http://localhost:3000/assets/controllers/accessibility_enhanced_controller-5c49b46e.js:31:10)
    at L.connect (http://localhost:3000/assets/stimulus.min-4b1e420e.js:4:26905)
    at j.connectContextForScope (http://localhost:3000/assets/stimulus.min-4b1e420e.js:4:29697)
    at http://localhost:3000/assets/stimulus.min-4b1e420e.js:4:37287
    at Array.forEach (<anonymous>)
    at H.connectModule (http://localhost:3000/assets/stimulus.min-4b1e420e.js:4:37273)
    at H.loadDefinition (http://localhost:3000/assets/stimulus.min-4b1e420e.js:4:36130)
    at http://localhost:3000/assets/stimulus.min-4b1e420e.js:4:39089
    at Array.forEach (<anonymous>) {identifier: accessibility-enhanced, controller: t, element: div.space-y-6.overflow-x-hidden} @ http://localhost:3000/assets/stimulus.min-4b1e420e.js:3
[   52309ms] [ERROR] Failed to load resource: the server responded with a status of 404 (Not Found) @ http://localhost:3000/expenses:0
[   58777ms] [ERROR] %s

%o

%o Error connecting controller TypeError: Cannot set property liveRegionTarget of #<t> which has only a getter
    at t.setupLiveRegions (http://localhost:3000/assets/controllers/accessibility_enhanced_controller-5c49b46e.js:111:29)
    at t.connect (http://localhost:3000/assets/controllers/accessibility_enhanced_controller-5c49b46e.js:31:10)
    at L.connect (http://localhost:3000/assets/stimulus.min-4b1e420e.js:4:26905)
    at j.connectContextForScope (http://localhost:3000/assets/stimulus.min-4b1e420e.js:4:29697)
    at http://localhost:3000/assets/stimulus.min-4b1e420e.js:4:37287
    at Array.forEach (<anonymous>)
    at H.connectModule (http://localhost:3000/assets/stimulus.min-4b1e420e.js:4:37273)
    at H.loadDefinition (http://localhost:3000/assets/stimulus.min-4b1e420e.js:4:36130)
    at http://localhost:3000/assets/stimulus.min-4b1e420e.js:4:39089
    at Array.forEach (<anonymous>) {identifier: accessibility-enhanced, controller: t, element: div.space-y-6.overflow-x-hidden} @ http://localhost:3000/assets/stimulus.min-4b1e420e.js:3
[   64054ms] [ERROR] %s

%o

%o Error connecting controller TypeError: Cannot set property liveRegionTarget of #<t> which has only a getter
    at t.setupLiveRegions (http://localhost:3000/assets/controllers/accessibility_enhanced_controller-5c49b46e.js:111:29)
    at t.connect (http://localhost:3000/assets/controllers/accessibility_enhanced_controller-5c49b46e.js:31:10)
    at L.connect (http://localhost:3000/assets/stimulus.min-4b1e420e.js:4:26905)
    at j.connectContextForScope (http://localhost:3000/assets/stimulus.min-4b1e420e.js:4:29697)
    at http://localhost:3000/assets/stimulus.min-4b1e420e.js:4:37287
    at Array.forEach (<anonymous>)
    at H.connectModule (http://localhost:3000/assets/stimulus.min-4b1e420e.js:4:37273)
    at H.loadDefinition (http://localhost:3000/assets/stimulus.min-4b1e420e.js:4:36130)
    at http://localhost:3000/assets/stimulus.min-4b1e420e.js:4:39089
    at Array.forEach (<anonymous>) {identifier: accessibility-enhanced, controller: t, element: div.space-y-6.overflow-x-hidden} @ http://localhost:3000/assets/stimulus.min-4b1e420e.js:3
[   76179ms] [ERROR] %s

%o

%o Error connecting controller TypeError: Cannot set property liveRegionTarget of #<t> which has only a getter
    at t.setupLiveRegions (http://localhost:3000/assets/controllers/accessibility_enhanced_controller-5c49b46e.js:111:29)
    at t.connect (http://localhost:3000/assets/controllers/accessibility_enhanced_controller-5c49b46e.js:31:10)
    at L.connect (http://localhost:3000/assets/stimulus.min-4b1e420e.js:4:26905)
    at j.connectContextForScope (http://localhost:3000/assets/stimulus.min-4b1e420e.js:4:29697)
    at http://localhost:3000/assets/stimulus.min-4b1e420e.js:4:37287
    at Array.forEach (<anonymous>)
    at H.connectModule (http://localhost:3000/assets/stimulus.min-4b1e420e.js:4:37273)
    at H.loadDefinition (http://localhost:3000/assets/stimulus.min-4b1e420e.js:4:36130)
    at http://localhost:3000/assets/stimulus.min-4b1e420e.js:4:39089
    at Array.forEach (<anonymous>) {identifier: accessibility-enhanced, controller: t, element: div.space-y-6.overflow-x-hidden} @ http://localhost:3000/assets/stimulus.min-4b1e420e.js:3
[   76415ms] [ERROR] Failed to load resource: the server responded with a status of 422 (Unprocessable Content) @ http://localhost:3000/undo_histories/22/undo:0
[   76432ms] [ERROR] Failed to load resource: the server responded with a status of 404 (Not Found) @ http://localhost:3000/undo_histories/999999/undo:0
[   76461ms] [ERROR] Failed to load resource: the server responded with a status of 422 (Unprocessable Content) @ http://localhost:3000/expenses/bulk_destroy:0
